Arguments: 
  C:\Program Files\nodejs\node.exe C:\Users\asus\AppData\Roaming\npm\node_modules\yarn\bin\yarn.js add eslint

PATH: 
  D:\cmder\bin;D:\cmder\vendor\conemu-maximus5\ConEmu\Scripts;D:\cmder\vendor\conemu-maximus5;D:\cmder\vendor\conemu-maximus5\ConEmu;C:\WINDOWS\system32;C:\WINDOWS;C:\WINDOWS\system32\wbem;C:\Program Files\Git\cmd;C:\WINDOWS\system32;C:\WINDOWS;C:\WINDOWS\System32\Wbem;C:\WINDOWS\System32\WindowsPowerShell\v1.0\;C:\WINDOWS\System32\OpenSSH\;D:\jdk1.8.0_31\bin;D:\cmder;F:\Fluter\flutter\bin;F:\Fluter\SDK\tools;C:\Program Files\nodejs\;C:\Users\asus\AppData\Local\Microsoft\WindowsAppsD:\Program Files (x86)\Java\jre7\bin；;D:\Program Files\MongoDB\Server\3.4\bin;C:\Users\asus\AppData\Local\Microsoft\WindowsApps;C:\Users\asus\AppData\Local\Programs\Microsoft VS Code\bin;C:\Users\asus\AppData\Roaming\npm;C:\Users\asus\AppData\Local\Yarn\bin;C:\Program Files\Git\usr\bin;C:\Program Files\Git\usr\share\vim\vim74;D:\cmder\

Yarn version: 
  1.17.3

Node version: 
  12.18.2

Platform: 
  win32 x64

Trace: 
  Error: ENOENT: no such file or directory, copyfile 'C:\Users\asus\AppData\Local\Yarn\Cache\v4\npm-inherits-2.0.1-b17d08d326b4423e568eff719f91b0b1cbdf69f1\node_modules\inherits\inherits.js' -> 'F:\拉钩教育\work\part2-2\vue-app-base\node_modules\assert\node_modules\inherits\inherits.js'

npm manifest: 
  {
    "name": "vue-app-base",
    "version": "0.1.0",
    "private": true,
    "scripts": {
      "dev": "webpack-dev-server --config webpack.dev.js",
      "build": "webpack --config webpack.prod.js",
      "lint": "eslint"
    },
    "dependencies": {
      "core-js": "^3.6.5",
      "vue": "^2.6.11"
    },
    "devDependencies": {
      "@babel/core": "^7.10.5",
      "@babel/preset-env": "^7.10.4",
      "babel-loader": "^8.1.0",
      "clean-webpack-plugin": "^3.0.0",
      "copy-webpack-plugin": "^6.0.3",
      "css-loader": "^3.6.0",
      "eslint": "^7.5.0",
      "file-loader": "^6.0.0",
      "html-webpack-plugin": "^4.3.0",
      "less": "^3.12.2",
      "less-loader": "^6.2.0",
      "style-loader": "^1.2.1",
      "url-loader": "^4.1.0",
      "vue-loader": "^15.9.3",
      "vue-loader-plugin": "^1.3.0",
      "vue-template-compiler": "^2.6.11",
      "webpack": "^4.43.0",
      "webpack-cli": "^3.3.12",
      "webpack-dev-server": "^3.11.0",
      "webpack-merge": "^5.0.9"
    },
    "eslintConfig": {
      "root": true,
      "env": {
        "node": true
      },
      "extends": [
        "plugin:vue/essential",
        "eslint:recommended"
      ],
      "parserOptions": {
        "parser": "babel-eslint"
      },
      "rules": {}
    },
    "browserslist": [
      "> 1%",
      "last 2 versions",
      "not dead"
    ]
  }

yarn manifest: 
  No manifest

Lockfile: 
  No lockfile
